<?xml version="1.0" encoding="utf-8"?><testsuites name="pytest tests"><testsuite name="pytest" errors="0" failures="0" skipped="0" tests="7" time="22.476" timestamp="2026-07-30T16:52:13.436947+00:00" hostname="agent-env-0e360100-eae9-4867-811b-c1ce9b3f6a38"><testcase classname="tests.test_serve_placement" name="test_serving_tip_contains_placement_zone[serving to the deuce court]" time="2.024" /><testcase classname="tests.test_serve_placement" name="test_serving_tip_contains_placement_zone[serving to the ad court]" time="2.580" /><testcase classname="tests.test_serve_placement" name="test_receiving_tip_still_works" time="1.870" /><testcase classname="tests.test_serve_placement" name="test_tip_validation_error" time="0.198" /><testcase classname="tests.test_serve_placement" name="test_health_advisor_ready" time="0.174" /><testcase classname="tests.test_serve_placement" name="test_highlight_reel_still_streams" time="6.534" /><testcase classname="tests.test_serve_placement" name="test_nutrition_still_streams" time="9.050" /></testsuite></testsuites>