<?xml version="1.0" encoding="utf-8"?><testsuites name="pytest tests"><testsuite name="pytest" errors="0" failures="0" skipped="0" tests="8" time="24.484" timestamp="2026-07-30T15:24:57.204495+00:00" hostname="agent-env-0e360100-eae9-4867-811b-c1ce9b3f6a38"><testcase classname="tests.test_highlight_reel.TestHealthPrereq" name="test_advisor_ready" time="0.339" /><testcase classname="tests.test_highlight_reel.TestHighlightReel" name="test_stream_format_and_content" time="4.374" /><testcase classname="tests.test_highlight_reel.TestHighlightReel" name="test_loss_variant" time="3.106" /><testcase classname="tests.test_highlight_reel.TestHighlightReel" name="test_minimal_body_only_session_id" time="4.913" /><testcase classname="tests.test_highlight_reel.TestHighlightReel" name="test_missing_session_id_returns_422" time="0.123" /><testcase classname="tests.test_highlight_reel.TestHighlightReel" name="test_wrong_type_returns_422" time="0.175" /><testcase classname="tests.test_highlight_reel.TestRegressionStreams" name="test_advisor_tip_still_streams" time="2.885" /><testcase classname="tests.test_highlight_reel.TestRegressionStreams" name="test_nutrition_suggest_still_streams" time="8.508" /></testsuite></testsuites>