<?xml version="1.0" encoding="utf-8"?><testsuites name="pytest tests"><testsuite name="pytest" errors="0" failures="0" skipped="0" tests="7" time="4.857" timestamp="2026-07-30T12:56:16.415600+00:00" hostname="agent-env-0e360100-eae9-4867-811b-c1ce9b3f6a38"><testcase classname="tests.backend_test.TestHealth" name="test_health_ok" time="0.118" /><testcase classname="tests.backend_test.TestAdvisorTip" name="test_advisor_stream_format_and_content" time="1.768" /><testcase classname="tests.backend_test.TestAdvisorTip" name="test_advisor_minimal_body" time="2.606" /><testcase classname="tests.backend_test.TestAdvisorTip" name="test_advisor_missing_session_id_returns_422" time="0.048" /><testcase classname="tests.backend_test.TestDigest" name="test_digest_send_not_configured" time="0.166" /><testcase classname="tests.backend_test.TestDigest" name="test_digest_invalid_email_returns_422" time="0.045" /><testcase classname="tests.backend_test.TestDigest" name="test_digest_missing_body_returns_422" time="0.044" /></testsuite></testsuites>