<?xml version="1.0" encoding="utf-8"?><testsuites name="pytest tests"><testsuite name="pytest" errors="0" failures="0" skipped="0" tests="10" time="25.592" timestamp="2026-07-30T13:46:40.981071+00:00" hostname="agent-env-0e360100-eae9-4867-811b-c1ce9b3f6a38"><testcase classname="tests.backend_test.TestHealth" name="test_health_ok" time="0.465" /><testcase classname="tests.backend_test.TestAdvisorTip" name="test_advisor_stream_format_and_content" time="3.637" /><testcase classname="tests.backend_test.TestAdvisorTip" name="test_advisor_minimal_body" time="2.221" /><testcase classname="tests.backend_test.TestAdvisorTip" name="test_advisor_missing_session_id_returns_422" time="0.070" /><testcase classname="tests.backend_test.TestDigest" name="test_digest_send_not_configured" time="0.254" /><testcase classname="tests.backend_test.TestDigest" name="test_digest_invalid_email_returns_422" time="0.070" /><testcase classname="tests.backend_test.TestDigest" name="test_digest_missing_body_returns_422" time="0.069" /><testcase classname="tests.backend_test.TestNutritionSuggest" name="test_suggest_stream_pre_match" time="9.657" /><testcase classname="tests.backend_test.TestNutritionSuggest" name="test_suggest_missing_required_fields_returns_422" time="0.115" /><testcase classname="tests.backend_test.TestNutritionSuggest" name="test_suggest_post_match_minimal" time="8.920" /></testsuite></testsuites>